# JRE version: Java(TM) SE Runtime Environment (8.0_91-b14) (build 1.8.0_91-b14)
# Java VM: Java HotSpot(TM) Client VM (25.91-b14 mixed mode windows-x86 )
Heap:
 def new generation   total 10048K, used 4459K [0x04e00000, 0x058e0000, 0x0a350000)
  eden space 8960K,  49% used [0x04e00000, 0x0525ad68, 0x056c0000)
  from space 1088K,   0% used [0x056c0000, 0x056c0000, 0x057d0000)
  to   space 1088K,   0% used [0x057d0000, 0x057d0000, 0x058e0000)
 tenured generation   total 22084K, used 13248K [0x0a350000, 0x0b8e1000, 0x14e00000)
   the space 22084K,  59% used [0x0a350000, 0x0b0402e8, 0x0b040400, 0x0b8e1000)
 Metaspace       used 7043K, capacity 7246K, committed 7296K, reserved 7552K
GC Heap History (10 events):
Event: 0.985 GC heap before
{Heap before GC invocations=0 (full 0):
 def new generation   total 4928K, used 4416K [0x04e00000, 0x05350000, 0x0a350000)
  eden space 4416K, 100% used [0x04e00000, 0x05250000, 0x05250000)
  from space 512K,   0% used [0x05250000, 0x05250000, 0x052d0000)
  to   space 512K,   0% used [0x052d0000, 0x052d0000, 0x05350000)
 tenured generation   total 10944K, used 0K [0x0a350000, 0x0ae00000, 0x14e00000)
   the space 10944K,   0% used [0x0a350000, 0x0a350000, 0x0a350200, 0x0ae00000)
 Metaspace       used 5810K, capacity 6008K, committed 6144K, reserved 6528K
Event: 1.000 GC heap after
Heap after GC invocations=1 (full 0):
 def new generation   total 4928K, used 512K [0x04e00000, 0x05350000, 0x0a350000)
  eden space 4416K,   0% used [0x04e00000, 0x04e00000, 0x05250000)
  from space 512K, 100% used [0x052d0000, 0x05350000, 0x05350000)
  to   space 512K,   0% used [0x05250000, 0x05250000, 0x052d0000)
 tenured generation   total 10944K, used 955K [0x0a350000, 0x0ae00000, 0x14e00000)
   the space 10944K,   8% used [0x0a350000, 0x0a43ed40, 0x0a43ee00, 0x0ae00000)
 Metaspace       used 5810K, capacity 6008K, committed 6144K, reserved 6528K
}
Event: 2.286 GC heap before
{Heap before GC invocations=1 (full 0):
 def new generation   total 4928K, used 4928K [0x04e00000, 0x05350000, 0x0a350000)
  eden space 4416K, 100% used [0x04e00000, 0x05250000, 0x05250000)
  from space 512K, 100% used [0x052d0000, 0x05350000, 0x05350000)
  to   space 512K,   0% used [0x05250000, 0x05250000, 0x052d0000)
 tenured generation   total 10944K, used 955K [0x0a350000, 0x0ae00000, 0x14e00000)
   the space 10944K,   8% used [0x0a350000, 0x0a43ed40, 0x0a43ee00, 0x0ae00000)
 Metaspace       used 6506K, capacity 6734K, committed 6784K, reserved 7552K
Event: 2.295 GC heap after
Heap after GC invocations=2 (full 0):
 def new generation   total 4928K, used 511K [0x04e00000, 0x05350000, 0x0a350000)
  eden space 4416K,   0% used [0x04e00000, 0x04e00000, 0x05250000)
  from space 512K,  99% used [0x05250000, 0x052cfff8, 0x052d0000)
  to   space 512K,   0% used [0x052d0000, 0x052d0000, 0x05350000)
 tenured generation   total 10944K, used 2565K [0x0a350000, 0x0ae00000, 0x14e00000)
   the space 10944K,  23% used [0x0a350000, 0x0a5d1488, 0x0a5d1600, 0x0ae00000)
 Metaspace       used 6506K, capacity 6734K, committed 6784K, reserved 7552K
}
Event: 2.838 GC heap before
{Heap before GC invocations=2 (full 0):
 def new generation   total 4928K, used 4679K [0x04e00000, 0x05350000, 0x0a350000)
  eden space 4416K,  94% used [0x04e00000, 0x05212000, 0x05250000)
  from space 512K,  99% used [0x05250000, 0x052cfff8, 0x052d0000)
  to   space 512K,   0% used [0x052d0000, 0x052d0000, 0x05350000)
 tenured generation   total 10944K, used 2565K [0x0a350000, 0x0ae00000, 0x14e00000)
   the space 10944K,  23% used [0x0a350000, 0x0a5d1488, 0x0a5d1600, 0x0ae00000)
 Metaspace       used 7028K, capacity 7246K, committed 7296K, reserved 7552K
Event: 2.844 GC heap after
Heap after GC invocations=3 (full 0):
 def new generation   total 4928K, used 163K [0x04e00000, 0x05350000, 0x0a350000)
  eden space 4416K,   0% used [0x04e00000, 0x04e00000, 0x05250000)
  from space 512K,  32% used [0x052d0000, 0x052f8f60, 0x05350000)
  to   space 512K,   0% used [0x05250000, 0x05250000, 0x052d0000)
 tenured generation   total 10944K, used 5877K [0x0a350000, 0x0ae00000, 0x14e00000)
   the space 10944K,  53% used [0x0a350000, 0x0a90d528, 0x0a90d600, 0x0ae00000)
 Metaspace       used 7028K, capacity 7246K, committed 7296K, reserved 7552K
}
Event: 3.999 GC heap before
{Heap before GC invocations=3 (full 0):
 def new generation   total 4928K, used 4045K [0x04e00000, 0x05350000, 0x0a350000)
  eden space 4416K,  87% used [0x04e00000, 0x051ca700, 0x05250000)
  from space 512K,  32% used [0x052d0000, 0x052f8f60, 0x05350000)
  to   space 512K,   0% used [0x05250000, 0x05250000, 0x052d0000)
 tenured generation   total 10944K, used 5877K [0x0a350000, 0x0ae00000, 0x14e00000)
   the space 10944K,  53% used [0x0a350000, 0x0a90d528, 0x0a90d600, 0x0ae00000)
 Metaspace       used 7043K, capacity 7246K, committed 7296K, reserved 7552K
Event: 4.004 GC heap after
Heap after GC invocations=4 (full 0):
 def new generation   total 4928K, used 92K [0x04e00000, 0x05350000, 0x0a350000)
  eden space 4416K,   0% used [0x04e00000, 0x04e00000, 0x05250000)
  from space 512K,  17% used [0x05250000, 0x05267030, 0x052d0000)
  to   space 512K,   0% used [0x052d0000, 0x052d0000, 0x05350000)
 tenured generation   total 10944K, used 9477K [0x0a350000, 0x0ae00000, 0x14e00000)
   the space 10944K,  86% used [0x0a350000, 0x0ac91568, 0x0ac91600, 0x0ae00000)
 Metaspace       used 7043K, capacity 7246K, committed 7296K, reserved 7552K
}
Event: 4.070 GC heap before
{Heap before GC invocations=4 (full 0):
 def new generation   total 4928K, used 4331K [0x04e00000, 0x05350000, 0x0a350000)
  eden space 4416K,  95% used [0x04e00000, 0x05223c70, 0x05250000)
  from space 512K,  17% used [0x05250000, 0x05267030, 0x052d0000)
  to   space 512K,   0% used [0x052d0000, 0x052d0000, 0x05350000)
 tenured generation   total 10944K, used 9477K [0x0a350000, 0x0ae00000, 0x14e00000)
   the space 10944K,  86% used [0x0a350000, 0x0ac91568, 0x0ac91600, 0x0ae00000)
 Metaspace       used 7043K, capacity 7246K, committed 7296K, reserved 7552K
Event: 4.092 GC heap after
Heap after GC invocations=5 (full 1):
 def new generation   total 10048K, used 0K [0x04e00000, 0x058e0000, 0x0a350000)
  eden space 8960K,   0% used [0x04e00000, 0x04e00000, 0x056c0000)
  from space 1088K,   0% used [0x056c0000, 0x056c0000, 0x057d0000)
  to   space 1088K,   0% used [0x057d0000, 0x057d0000, 0x058e0000)
 tenured generation   total 22084K, used 13248K [0x0a350000, 0x0b8e1000, 0x14e00000)
   the space 22084K,  59% used [0x0a350000, 0x0b0402e8, 0x0b040400, 0x0b8e1000)
 Metaspace       used 7043K, capacity 7246K, committed 7296K, reserved 7552K
}

