# JRE version: Java(TM) SE Runtime Environment (8.0_91-b14) (build 1.8.0_91-b14)
# Java VM: Java HotSpot(TM) Client VM (25.91-b14 mixed mode, sharing windows-x86 )
Heap:
 def new generation   total 17664K, used 4555K [0x04600000, 0x05920000, 0x09b50000)
  eden space 15744K,  28% used [0x04600000, 0x04a6efe0, 0x05560000)
  from space 1920K,   0% used [0x05740000, 0x05743d70, 0x05920000)
  to   space 1920K,   0% used [0x05560000, 0x05560000, 0x05740000)
 tenured generation   total 38960K, used 23377K [0x09b50000, 0x0c15c000, 0x14600000)
   the space 38960K,  60% used [0x09b50000, 0x0b224588, 0x0b224600, 0x0c15c000)
 Metaspace       used 1725K, capacity 3333K, committed 3520K, reserved 4480K
GC Heap History (10 events):
Event: 13.181 GC heap before
{Heap before GC invocations=26 (full 2):
 def new generation   total 17664K, used 15747K [0x04600000, 0x05920000, 0x09b50000)
  eden space 15744K, 100% used [0x04600000, 0x05560000, 0x05560000)
  from space 1920K,   0% used [0x05560000, 0x05560eb0, 0x05740000)
  to   space 1920K,   0% used [0x05740000, 0x05740000, 0x05920000)
 tenured generation   total 38960K, used 23375K [0x09b50000, 0x0c15c000, 0x14600000)
   the space 38960K,  59% used [0x09b50000, 0x0b223fa0, 0x0b224000, 0x0c15c000)
 Metaspace       used 1722K, capacity 3333K, committed 3520K, reserved 4480K
Event: 13.182 GC heap after
Heap after GC invocations=27 (full 2):
 def new generation   total 17664K, used 3K [0x04600000, 0x05920000, 0x09b50000)
  eden space 15744K,   0% used [0x04600000, 0x04600000, 0x05560000)
  from space 1920K,   0% used [0x05740000, 0x05740c10, 0x05920000)
  to   space 1920K,   0% used [0x05560000, 0x05560000, 0x05740000)
 tenured generation   total 38960K, used 23376K [0x09b50000, 0x0c15c000, 0x14600000)
   the space 38960K,  60% used [0x09b50000, 0x0b224240, 0x0b224400, 0x0c15c000)
 Metaspace       used 1722K, capacity 3333K, committed 3520K, reserved 4480K
}
Event: 13.223 GC heap before
{Heap before GC invocations=27 (full 2):
 def new generation   total 17664K, used 15747K [0x04600000, 0x05920000, 0x09b50000)
  eden space 15744K, 100% used [0x04600000, 0x05560000, 0x05560000)
  from space 1920K,   0% used [0x05740000, 0x05740c10, 0x05920000)
  to   space 1920K,   0% used [0x05560000, 0x05560000, 0x05740000)
 tenured generation   total 38960K, used 23376K [0x09b50000, 0x0c15c000, 0x14600000)
   the space 38960K,  60% used [0x09b50000, 0x0b224240, 0x0b224400, 0x0c15c000)
 Metaspace       used 1722K, capacity 3333K, committed 3520K, reserved 4480K
Event: 13.223 GC heap after
Heap after GC invocations=28 (full 2):
 def new generation   total 17664K, used 2K [0x04600000, 0x05920000, 0x09b50000)
  eden space 15744K,   0% used [0x04600000, 0x04600000, 0x05560000)
  from space 1920K,   0% used [0x05560000, 0x05560b70, 0x05740000)
  to   space 1920K,   0% used [0x05740000, 0x05740000, 0x05920000)
 tenured generation   total 38960K, used 23376K [0x09b50000, 0x0c15c000, 0x14600000)
   the space 38960K,  60% used [0x09b50000, 0x0b2242e8, 0x0b224400, 0x0c15c000)
 Metaspace       used 1722K, capacity 3333K, committed 3520K, reserved 4480K
}
Event: 13.268 GC heap before
{Heap before GC invocations=28 (full 2):
 def new generation   total 17664K, used 15746K [0x04600000, 0x05920000, 0x09b50000)
  eden space 15744K, 100% used [0x04600000, 0x05560000, 0x05560000)
  from space 1920K,   0% used [0x05560000, 0x05560b70, 0x05740000)
  to   space 1920K,   0% used [0x05740000, 0x05740000, 0x05920000)
 tenured generation   total 38960K, used 23376K [0x09b50000, 0x0c15c000, 0x14600000)
   the space 38960K,  60% used [0x09b50000, 0x0b2242e8, 0x0b224400, 0x0c15c000)
 Metaspace       used 1722K, capacity 3333K, committed 3520K, reserved 4480K
Event: 13.269 GC heap after
Heap after GC invocations=29 (full 2):
 def new generation   total 17664K, used 2K [0x04600000, 0x05920000, 0x09b50000)
  eden space 15744K,   0% used [0x04600000, 0x04600000, 0x05560000)
  from space 1920K,   0% used [0x05740000, 0x05740b30, 0x05920000)
  to   space 1920K,   0% used [0x05560000, 0x05560000, 0x05740000)
 tenured generation   total 38960K, used 23376K [0x09b50000, 0x0c15c000, 0x14600000)
   the space 38960K,  60% used [0x09b50000, 0x0b2242e8, 0x0b224400, 0x0c15c000)
 Metaspace       used 1722K, capacity 3333K, committed 3520K, reserved 4480K
}
Event: 13.313 GC heap before
{Heap before GC invocations=29 (full 2):
 def new generation   total 17664K, used 15746K [0x04600000, 0x05920000, 0x09b50000)
  eden space 15744K, 100% used [0x04600000, 0x05560000, 0x05560000)
  from space 1920K,   0% used [0x05740000, 0x05740b30, 0x05920000)
  to   space 1920K,   0% used [0x05560000, 0x05560000, 0x05740000)
 tenured generation   total 38960K, used 23376K [0x09b50000, 0x0c15c000, 0x14600000)
   the space 38960K,  60% used [0x09b50000, 0x0b2242e8, 0x0b224400, 0x0c15c000)
 Metaspace       used 1722K, capacity 3333K, committed 3520K, reserved 4480K
Event: 13.313 GC heap after
Heap after GC invocations=30 (full 2):
 def new generation   total 17664K, used 2K [0x04600000, 0x05920000, 0x09b50000)
  eden space 15744K,   0% used [0x04600000, 0x04600000, 0x05560000)
  from space 1920K,   0% used [0x05560000, 0x05560b60, 0x05740000)
  to   space 1920K,   0% used [0x05740000, 0x05740000, 0x05920000)
 tenured generation   total 38960K, used 23376K [0x09b50000, 0x0c15c000, 0x14600000)
   the space 38960K,  60% used [0x09b50000, 0x0b2242e8, 0x0b224400, 0x0c15c000)
 Metaspace       used 1722K, capacity 3333K, committed 3520K, reserved 4480K
}
Event: 14.193 GC heap before
{Heap before GC invocations=30 (full 2):
 def new generation   total 17664K, used 13260K [0x04600000, 0x05920000, 0x09b50000)
  eden space 15744K,  84% used [0x04600000, 0x052f25d0, 0x05560000)
  from space 1920K,   0% used [0x05560000, 0x05560b60, 0x05740000)
  to   space 1920K,   0% used [0x05740000, 0x05740000, 0x05920000)
 tenured generation   total 38960K, used 23376K [0x09b50000, 0x0c15c000, 0x14600000)
   the space 38960K,  60% used [0x09b50000, 0x0b2242e8, 0x0b224400, 0x0c15c000)
 Metaspace       used 1725K, capacity 3333K, committed 3520K, reserved 4480K
Event: 14.195 GC heap after
Heap after GC invocations=31 (full 2):
 def new generation   total 17664K, used 15K [0x04600000, 0x05920000, 0x09b50000)
  eden space 15744K,   0% used [0x04600000, 0x04600000, 0x05560000)
  from space 1920K,   0% used [0x05740000, 0x05743d70, 0x05920000)
  to   space 1920K,   0% used [0x05560000, 0x05560000, 0x05740000)
 tenured generation   total 38960K, used 23377K [0x09b50000, 0x0c15c000, 0x14600000)
   the space 38960K,  60% used [0x09b50000, 0x0b224588, 0x0b224600, 0x0c15c000)
 Metaspace       used 1725K, capacity 3333K, committed 3520K, reserved 4480K
}

